<?xml version="1.0" encoding="UTF-8"?>
<!-- Generated by org.testng.reporters.JUnitXMLReporter -->
<testsuite hostname="LAPTOP-7VP8VI58" ignored="0" name="BankingApp Test" tests="5" failures="3" timestamp="01 Dec 2019 18:28:54 GMT" time="86.217" errors="0">
  <testcase name="loginDDT" time="12.68" classname="com.intel.testcases.Login_002"/>
  <testcase name="loginDDT" time="7.725" classname="com.intel.testcases.Login_002">
    <failure type="java.lang.AssertionError" message="expected [true] but found [false]">
      <![CDATA[java.lang.AssertionError: expected [true] but found [false]
at com.intel.testcases.Login_002.loginDDT(Login_002.java:32)
... Removed 29 stack frames]]>
    </failure>
  </testcase> <!-- loginDDT -->
  <testcase name="loginDDT" time="7.562" classname="com.intel.testcases.Login_002">
    <failure type="java.lang.AssertionError" message="expected [true] but found [false]">
      <![CDATA[java.lang.AssertionError: expected [true] but found [false]
at com.intel.testcases.Login_002.loginDDT(Login_002.java:32)
... Removed 29 stack frames]]>
    </failure>
  </testcase> <!-- loginDDT -->
  <testcase name="loginDDT" time="13.827" classname="com.intel.testcases.Login_002"/>
  <testcase name="loginDDT" time="35.875" classname="com.intel.testcases.Login_002">
    <failure type="java.lang.AssertionError" message="expected [true] but found [false]">
      <![CDATA[java.lang.AssertionError: expected [true] but found [false]
at com.intel.testcases.Login_002.loginDDT(Login_002.java:32)
... Removed 29 stack frames]]>
    </failure>
  </testcase> <!-- loginDDT -->
</testsuite> <!-- BankingApp Test -->
